<?xml version="1.0" encoding="UTF-8"?>
<testsuite xmlns:xsi="http://www.w3.org/2001/XMLSchema-instance" xsi:schemaLocation="https://maven.apache.org/surefire/maven-surefire-plugin/xsd/surefire-test-report.xsd" name="TestSuite" time="857.87" tests="47" errors="0" skipped="0" failures="0">
  <properties>
    <property name="idea.version" value="2017.1"/>
    <property name="java.runtime.name" value="OpenJDK Runtime Environment"/>
    <property name="sun.boot.library.path" value="/usr/lib/jvm/java-8-openjdk-amd64/jre/lib/amd64"/>
    <property name="java.vm.version" value="25.121-b13"/>
    <property name="java.vm.vendor" value="Oracle Corporation"/>
    <property name="maven.multiModuleProjectDirectory" value="/home/liana/Desktop/local_hbao/selenium"/>
    <property name="java.vendor.url" value="http://java.oracle.com/"/>
    <property name="path.separator" value=":"/>
    <property name="guice.disable.misplaced.annotation.check" value="true"/>
    <property name="java.vm.name" value="OpenJDK 64-Bit Server VM"/>
    <property name="file.encoding.pkg" value="sun.io"/>
    <property name="user.country" value="US"/>
    <property name="sun.java.launcher" value="SUN_STANDARD"/>
    <property name="sun.os.patch.level" value="unknown"/>
    <property name="java.vm.specification.name" value="Java Virtual Machine Specification"/>
    <property name="user.dir" value="/home/liana/Desktop/local_hbao/selenium"/>
    <property name="java.runtime.version" value="1.8.0_121-8u121-b13-0ubuntu1.16.04.2-b13"/>
    <property name="java.awt.graphicsenv" value="sun.awt.X11GraphicsEnvironment"/>
    <property name="java.endorsed.dirs" value="/usr/lib/jvm/java-8-openjdk-amd64/jre/lib/endorsed"/>
    <property name="os.arch" value="amd64"/>
    <property name="java.io.tmpdir" value="/tmp"/>
    <property name="line.separator" value="&#10;"/>
    <property name="java.vm.specification.vendor" value="Oracle Corporation"/>
    <property name="os.name" value="Linux"/>
    <property name="classworlds.conf" value="/home/liana/Downloads/idea-IC-171.3780.107/plugins/maven/lib/maven3/bin/m2.conf"/>
    <property name="sun.jnu.encoding" value="UTF-8"/>
    <property name="java.library.path" value="/home/liana/Downloads/idea-IC-171.3780.107/bin::/usr/java/packages/lib/amd64:/usr/lib/x86_64-linux-gnu/jni:/lib/x86_64-linux-gnu:/usr/lib/x86_64-linux-gnu:/usr/lib/jni:/lib:/usr/lib"/>
    <property name="java.specification.name" value="Java Platform API Specification"/>
    <property name="java.class.version" value="52.0"/>
    <property name="sun.management.compiler" value="HotSpot 64-Bit Tiered Compilers"/>
    <property name="os.version" value="4.4.0-75-generic"/>
    <property name="user.home" value="/home/liana"/>
    <property name="user.timezone" value="Asia/Yerevan"/>
    <property name="java.awt.printerjob" value="sun.print.PSPrinterJob"/>
    <property name="java.specification.version" value="1.8"/>
    <property name="file.encoding" value="UTF-8"/>
    <property name="user.name" value="liana"/>
    <property name="java.class.path" value="/home/liana/Downloads/idea-IC-171.3780.107/plugins/maven/lib/maven3/boot/plexus-classworlds-2.5.2.jar:/home/liana/Downloads/idea-IC-171.3780.107/lib/idea_rt.jar"/>
    <property name="java.vm.specification.version" value="1.8"/>
    <property name="sun.arch.data.model" value="64"/>
    <property name="java.home" value="/usr/lib/jvm/java-8-openjdk-amd64/jre"/>
    <property name="sun.java.command" value="org.codehaus.classworlds.Launcher -Didea.version=2017.1 test"/>
    <property name="java.specification.vendor" value="Oracle Corporation"/>
    <property name="user.language" value="en"/>
    <property name="awt.toolkit" value="sun.awt.X11.XToolkit"/>
    <property name="java.vm.info" value="mixed mode"/>
    <property name="java.version" value="1.8.0_121"/>
    <property name="java.ext.dirs" value="/usr/lib/jvm/java-8-openjdk-amd64/jre/lib/ext:/usr/java/packages/lib/ext"/>
    <property name="securerandom.source" value="file:/dev/./urandom"/>
    <property name="sun.boot.class.path" value="/usr/lib/jvm/java-8-openjdk-amd64/jre/lib/resources.jar:/usr/lib/jvm/java-8-openjdk-amd64/jre/lib/rt.jar:/usr/lib/jvm/java-8-openjdk-amd64/jre/lib/sunrsasign.jar:/usr/lib/jvm/java-8-openjdk-amd64/jre/lib/jsse.jar:/usr/lib/jvm/java-8-openjdk-amd64/jre/lib/jce.jar:/usr/lib/jvm/java-8-openjdk-amd64/jre/lib/charsets.jar:/usr/lib/jvm/java-8-openjdk-amd64/jre/lib/jfr.jar:/usr/lib/jvm/java-8-openjdk-amd64/jre/classes"/>
    <property name="java.vendor" value="Oracle Corporation"/>
    <property name="maven.home" value="/home/liana/Downloads/idea-IC-171.3780.107/plugins/maven/lib/maven3"/>
    <property name="file.separator" value="/"/>
    <property name="java.vendor.url.bug" value="http://bugreport.sun.com/bugreport/"/>
    <property name="sun.cpu.endian" value="little"/>
    <property name="sun.io.unicode.encoding" value="UnicodeLittle"/>
    <property name="sun.desktop" value="gnome"/>
    <property name="sun.cpu.isalist" value=""/>
  </properties>
  <testcase name="validateCreateWorks" classname="Test.CharitiesTest.CharitiesPageTest" time="9.438"/>
  <testcase name="createScratchAndWin" classname="Test.ScratchAndWinTest.ScratchAndWinPageTest" time="41.482"/>
  <testcase name="checkTitle" classname="Test.FirstPage.FirstPageTest" time="0.02"/>
  <testcase name="validateCorrectPage" classname="Test.FirstPage.FirstPageTest" time="0.121"/>
  <testcase name="openCategoryPage" classname="Test.HomePage.HomePageTest" time="1.336"/>
  <testcase name="openHBBusinessPage" classname="Test.HomePage.HomePageTest" time="1.284"/>
  <testcase name="openJoinUsPage" classname="Test.HomePage.HomePageTest" time="1.791"/>
  <testcase name="openScratchAndWinPage" classname="Test.HomePage.HomePageTest" time="0"/>
  <testcase name="validateLogoutWorks" classname="Test.HomePage.HomePageTest" time="1.128"/>
  <testcase name="validateEditWorks" classname="Test.CharitiesTest.CharitiesPageTest" time="13.573"/>
  <testcase name="validateOpenWorks" classname="Test.CharitiesTest.CharitiesPageTest" time="4.524"/>
  <testcase name="validateRightEditPageOpened" classname="Test.CharitiesTest.CharitiesPageTest" time="4.994"/>
  <testcase name="validateRightTitle" classname="Test.CharitiesTest.CharitiesPageTest" time="0"/>
  <testcase name="validateSearchWorks" classname="Test.CharitiesTest.CharitiesPageTest" time="1.425"/>
  <testcase name="validateImageFieldIsNotEmpty" classname="Test.ScratchAndWinTest.ScratchAndWinPageTest" time="5.368"/>
  <testcase name="validatePriceFieldIsNotEmpty" classname="Test.ScratchAndWinTest.ScratchAndWinPageTest" time="37.306"/>
  <testcase name="validateDeleteWorks" classname="Test.CharitiesTest.CharitiesPageTest" time="9.008"/>
  <testcase name="validateAddWorks" classname="Test.CategoriesTest.CategoriesPageTest" time="7.638"/>
  <testcase name="validateCreateWorks" classname="Test.HBBusinessTest.HBBusinessPageTest" time="6.204"/>
  <testcase name="validateEditWorks" classname="Test.CategoriesTest.CategoriesPageTest" time="13.645"/>
  <testcase name="validateOpenWorks" classname="Test.CategoriesTest.CategoriesPageTest" time="5.111"/>
  <testcase name="validateRightEditPageOpened" classname="Test.CategoriesTest.CategoriesPageTest" time="5.555"/>
  <testcase name="validateSearchWorks" classname="Test.CategoriesTest.CategoriesPageTest" time="1.223"/>
  <testcase name="validateEditWorks" classname="Test.HBBusinessTest.HBBusinessPageTest" time="11.877"/>
  <testcase name="validateImageFieldIsNotEmpty" classname="Test.HBBusinessTest.HBBusinessPageTest" time="3.679"/>
  <testcase name="validateNameFieldIsNotEmpty" classname="Test.HBBusinessTest.HBBusinessPageTest" time="2.125"/>
  <testcase name="validateOpenWorks" classname="Test.HBBusinessTest.HBBusinessPageTest" time="4.115"/>
  <testcase name="validateRightEditPageOpened" classname="Test.HBBusinessTest.HBBusinessPageTest" time="4.511"/>
  <testcase name="validateSearchWorks" classname="Test.HBBusinessTest.HBBusinessPageTest" time="1.442"/>
  <testcase name="validateDeleteWorks" classname="Test.CategoriesTest.CategoriesPageTest" time="5.346"/>
  <testcase name="validateDeleteWorks" classname="Test.HBBusinessTest.HBBusinessPageTest" time="6.556"/>
  <testcase name="addSubCategory" classname="Test.SubCategoriesTest.SubCategoryPageTest" time="11.083"/>
  <testcase name="validateAddWorks" classname="Test.JoinUs.JoinUsTest" time="18.429"/>
  <testcase name="editSubCategory" classname="Test.SubCategoriesTest.SubCategoryPageTest" time="8.021"/>
  <testcase name="validateRightEditSubCategoryPage" classname="Test.SubCategoriesTest.SubCategoryPageTest" time="3.467"/>
  <testcase name="validateEditWorks" classname="Test.JoinUs.JoinUsTest" time="13.371"/>
  <testcase name="validateOpenWorks" classname="Test.JoinUs.JoinUsTest" time="4.562"/>
  <testcase name="validateRightEditPageOpened" classname="Test.JoinUs.JoinUsTest" time="4.508"/>
  <testcase name="validateRightTitle" classname="Test.JoinUs.JoinUsTest" time="0"/>
  <testcase name="validateSearchWorks" classname="Test.JoinUs.JoinUsTest" time="1.421"/>
  <testcase name="deleteSubCategory" classname="Test.SubCategoriesTest.SubCategoryPageTest" time="0.321"/>
  <testcase name="validateDeleteWorks" classname="Test.JoinUs.JoinUsTest" time="10.369"/>
  <testcase name="validateFieldCheckIsDone" classname="Test.LoginTest.LoginPageTest" time="0.831"/>
  <testcase name="validateFieldCheckIsDone" classname="Test.LoginTest.LoginPageTest" time="1.677"/>
  <testcase name="validateFieldCheckIsDone" classname="Test.LoginTest.LoginPageTest" time="2.367"/>
  <testcase name="validateFieldCheckIsDone" classname="Test.LoginTest.LoginPageTest" time="0.849"/>
  <testcase name="validateLoginWorks" classname="Test.LoginTest.LoginPageTest" time="2.729"/>
</testsuite>