<?xml version="1.0" encoding="UTF-8"?>
<!-- Generated by org.testng.reporters.JUnitReportReporter -->
<testsuite skipped="0" hostname="liana-laptop" name="Test.HBBusinessTest.HBBusinessPageTest" tests="8" failures="0" timestamp="03 May 2017 20:44:10 GMT" time="140.000" errors="0">
  <testcase name="validateCreateWorks" time="18.036" classname="Test.HBBusinessTest.HBBusinessPageTest"/>
  <testcase name="validateSearchWorks" time="13.138" classname="Test.HBBusinessTest.HBBusinessPageTest"/>
  <testcase name="validateNameFieldIsNotEmpty" time="15.191" classname="Test.HBBusinessTest.HBBusinessPageTest"/>
  <testcase name="validateRightEditPageOpened" time="19.614" classname="Test.HBBusinessTest.HBBusinessPageTest"/>
  <testcase name="validateImageFieldIsNotEmpty" time="16.058" classname="Test.HBBusinessTest.HBBusinessPageTest"/>
  <testcase name="validateEditWorks" time="23.728" classname="Test.HBBusinessTest.HBBusinessPageTest"/>
  <testcase name="validateOpenWorks" time="15.867" classname="Test.HBBusinessTest.HBBusinessPageTest"/>
  <testcase name="validateDeleteWorks" time="18.368" classname="Test.HBBusinessTest.HBBusinessPageTest"/>
</testsuite> <!-- Test.HBBusinessTest.HBBusinessPageTest -->
