<?xml version="1.0" encoding="UTF-8"?>
<!-- Generated by org.testng.reporters.JUnitReportReporter -->
<testsuite skipped="0" hostname="liana-pc" name="Test.HomePageTest" tests="1" failures="0" timestamp="13 Apr 2017 18:03:02 GMT" time="1.980" errors="0">
  <testcase name="menuItems" time="1.980" classname="Test.HomePageTest"/>
</testsuite> <!-- Test.HomePageTest -->
