<?xml version="1.0" encoding="UTF-8"?>
<!-- Generated by org.testng.reporters.JUnitReportReporter -->
<testsuite skipped="0" hostname="liana-laptop" name="Test.FirstPage.FirstPageTest" tests="2" failures="0" timestamp="03 May 2017 20:44:10 GMT" time="7.913" errors="0">
  <testcase name="checkTitle" time="7.773" classname="Test.FirstPage.FirstPageTest"/>
  <testcase name="validateCorrectPage" time="0.140" classname="Test.FirstPage.FirstPageTest"/>
</testsuite> <!-- Test.FirstPage.FirstPageTest -->
