<?xml version="1.0" encoding="UTF-8"?>
<!-- Generated by org.testng.reporters.JUnitReportReporter -->
<testsuite skipped="0" hostname="liana-pc" name="Test.HBBusinessTest.HBBusinessPageTest" tests="10" failures="0" timestamp="18 Apr 2017 06:59:55 GMT" time="55.980" errors="0">
  <testcase name="validateAddWorks" time="8.649" classname="Test.HBBusinessTest.HBBusinessPageTest"/>
  <testcase name="validateNoWrongInputsAdd" time="6.127" classname="Test.HBBusinessTest.HBBusinessPageTest"/>
  <testcase name="validateOpenWorks" time="3.761" classname="Test.HBBusinessTest.HBBusinessPageTest"/>
  <testcase name="validateNoWrongInputsAdd" time="6.340" classname="Test.HBBusinessTest.HBBusinessPageTest"/>
  <testcase name="validateRightPageOpened" time="3.518" classname="Test.HBBusinessTest.HBBusinessPageTest"/>
  <testcase name="validateNoWrongInputsAdd" time="6.231" classname="Test.HBBusinessTest.HBBusinessPageTest"/>
  <testcase name="validateSearchWorks" time="3.009" classname="Test.HBBusinessTest.HBBusinessPageTest"/>
  <testcase name="validateEditPageOpened" time="7.769" classname="Test.HBBusinessTest.HBBusinessPageTest"/>
  <testcase name="validateNoWrongInputsAdd" time="5.904" classname="Test.HBBusinessTest.HBBusinessPageTest"/>
  <testcase name="validateDeleteWorks" time="4.672" classname="Test.HBBusinessTest.HBBusinessPageTest"/>
</testsuite> <!-- Test.HBBusinessTest.HBBusinessPageTest -->
