<?xml version="1.0" encoding="UTF-8"?>
<!-- Generated by org.testng.reporters.JUnitReportReporter -->
<testsuite skipped="0" hostname="liana-pc" name="Test.LoginTest.LoginPageTest" tests="5" failures="0" timestamp="04 May 2017 21:15:41 GMT" time="22.594" errors="0">
  <testcase name="validateFieldCheckIsDone" time="4.826" classname="Test.LoginTest.LoginPageTest"/>
  <testcase name="validateLoginWorks" time="4.617" classname="Test.LoginTest.LoginPageTest"/>
  <testcase name="validateFieldCheckIsDone" time="4.132" classname="Test.LoginTest.LoginPageTest"/>
  <testcase name="validateFieldCheckIsDone" time="5.102" classname="Test.LoginTest.LoginPageTest"/>
  <testcase name="validateFieldCheckIsDone" time="3.917" classname="Test.LoginTest.LoginPageTest"/>
</testsuite> <!-- Test.LoginTest.LoginPageTest -->
