<?xml version="1.0" encoding="UTF-8"?>
<!-- Generated by org.testng.reporters.JUnitReportReporter -->
<testsuite skipped="0" hostname="liana-pc" name="Test.CategoryPageTest" tests="1" failures="0" timestamp="13 Apr 2017 13:17:45 GMT" time="8.732" errors="0">
  <testcase name="validateDeleteWorks" time="8.732" classname="Test.CategoryPageTest"/>
</testsuite> <!-- Test.CategoryPageTest -->
