<?xml version="1.0" encoding="UTF-8"?>
<!-- Generated by org.testng.reporters.JUnitReportReporter -->
<testsuite skipped="0" hostname="liana-laptop" name="Test.SubCategoriesTest.SubCategoryPageTest" tests="4" failures="0" timestamp="03 May 2017 20:44:10 GMT" time="98.172" errors="0">
  <testcase name="addSubCategory" time="28.349" classname="Test.SubCategoriesTest.SubCategoryPageTest"/>
  <testcase name="validateRightEditSubCategoryPage" time="20.233" classname="Test.SubCategoriesTest.SubCategoryPageTest"/>
  <testcase name="editSubCategory" time="31.964" classname="Test.SubCategoriesTest.SubCategoryPageTest"/>
  <testcase name="deleteSubCategory" time="17.626" classname="Test.SubCategoriesTest.SubCategoryPageTest"/>
</testsuite> <!-- Test.SubCategoriesTest.SubCategoryPageTest -->
