<?xml version="1.0" encoding="UTF-8"?>
<!-- Generated by org.testng.reporters.JUnitReportReporter -->
<testsuite skipped="0" hostname="liana-laptop" name="Test.LoginTest.LoginPageTest" tests="5" failures="0" timestamp="30 Apr 2017 19:25:08 GMT" time="39.633" errors="0">
  <testcase name="validateLoginWorks" time="9.088" classname="Test.LoginTest.LoginPageTest"/>
  <testcase name="validateFieldCheckIsDone" time="8.407" classname="Test.LoginTest.LoginPageTest"/>
  <testcase name="validateFieldCheckIsDone" time="7.355" classname="Test.LoginTest.LoginPageTest"/>
  <testcase name="validateFieldCheckIsDone" time="7.302" classname="Test.LoginTest.LoginPageTest"/>
  <testcase name="validateFieldCheckIsDone" time="7.481" classname="Test.LoginTest.LoginPageTest"/>
</testsuite> <!-- Test.LoginTest.LoginPageTest -->
