<?xml version="1.0" encoding="UTF-8"?>
<!-- Generated by org.testng.reporters.JUnitReportReporter -->
<testsuite skipped="0" hostname="liana-pc" name="Test.LoginTest.LoginPageTest" tests="5" failures="0" timestamp="23 Apr 2017 16:52:01 GMT" time="23.476" errors="0">
  <testcase name="validateFieldCheckIsDone" time="5.229" classname="Test.LoginTest.LoginPageTest"/>
  <testcase name="validateFieldCheckIsDone" time="5.751" classname="Test.LoginTest.LoginPageTest"/>
  <testcase name="validateFieldCheckIsDone" time="5.197" classname="Test.LoginTest.LoginPageTest"/>
  <testcase name="validateFieldCheckIsDone" time="0.837" classname="Test.LoginTest.LoginPageTest"/>
  <testcase name="validateLoginWorks" time="6.462" classname="Test.LoginTest.LoginPageTest"/>
</testsuite> <!-- Test.LoginTest.LoginPageTest -->
