<?xml version="1.0" encoding="UTF-8"?>
<!-- Generated by org.testng.reporters.JUnitReportReporter -->
<testsuite skipped="0" hostname="liana-pc" name="Test.LoginTest.LoginPageTest" tests="5" failures="0" timestamp="18 Apr 2017 06:59:55 GMT" time="9.784" errors="0">
  <testcase name="validateFieldCheckIsDone" time="1.553" classname="Test.LoginTest.LoginPageTest"/>
  <testcase name="validateFieldCheckIsDone" time="1.314" classname="Test.LoginTest.LoginPageTest"/>
  <testcase name="validateLoginWorks" time="3.533" classname="Test.LoginTest.LoginPageTest"/>
  <testcase name="validateFieldCheckIsDone" time="1.447" classname="Test.LoginTest.LoginPageTest"/>
  <testcase name="validateFieldCheckIsDone" time="1.937" classname="Test.LoginTest.LoginPageTest"/>
</testsuite> <!-- Test.LoginTest.LoginPageTest -->
