<?xml version="1.0" encoding="UTF-8"?>
<!-- Generated by org.testng.reporters.JUnitReportReporter -->
<testsuite skipped="0" hostname="liana-laptop" name="Test.HomePage.HomePageTest" tests="5" failures="0" timestamp="03 May 2017 20:44:10 GMT" time="49.074" errors="0">
  <testcase name="openCategoryPage" time="11.288" classname="Test.HomePage.HomePageTest"/>
  <testcase name="openJoinUsPage" time="12.317" classname="Test.HomePage.HomePageTest"/>
  <testcase name="openHBBusinessPage" time="3.922" classname="Test.HomePage.HomePageTest"/>
  <testcase name="validateLogoutWorks" time="11.460" classname="Test.HomePage.HomePageTest"/>
  <testcase name="openScratchAndWinPage" time="10.087" classname="Test.HomePage.HomePageTest"/>
</testsuite> <!-- Test.HomePage.HomePageTest -->
