<?xml version="1.0" encoding="UTF-8"?>
<!-- Generated by org.testng.reporters.JUnitReportReporter -->
<testsuite skipped="0" hostname="liana-pc" name="Test.FirstPage.FirstPageTest" tests="2" failures="0" timestamp="05 May 2017 18:07:54 GMT" time="4.592" errors="0">
  <testcase name="validateCorrectPage" time="0.084" classname="Test.FirstPage.FirstPageTest"/>
  <testcase name="checkTitle" time="4.508" classname="Test.FirstPage.FirstPageTest"/>
</testsuite> <!-- Test.FirstPage.FirstPageTest -->
