<?xml version="1.0" encoding="UTF-8"?>
<!-- Generated by org.testng.reporters.JUnitReportReporter -->
<testsuite skipped="0" hostname="liana-pc" name="Test.CharitiesTest.CharitiesPageTest" tests="7" failures="0" timestamp="05 May 2017 11:47:48 GMT" time="79.534" errors="0">
  <testcase name="validateCreateWorks" time="16.742" classname="Test.CharitiesTest.CharitiesPageTest"/>
  <testcase name="validateSearchWorks" time="8.434" classname="Test.CharitiesTest.CharitiesPageTest"/>
  <testcase name="validateOpenWorks" time="10.854" classname="Test.CharitiesTest.CharitiesPageTest"/>
  <testcase name="validateEditWorks" time="17.120" classname="Test.CharitiesTest.CharitiesPageTest"/>
  <testcase name="validateRightEditPageOpened" time="10.966" classname="Test.CharitiesTest.CharitiesPageTest"/>
  <testcase name="validateRightTitle" time="5.709" classname="Test.CharitiesTest.CharitiesPageTest"/>
  <testcase name="validateDeleteWorks" time="9.709" classname="Test.CharitiesTest.CharitiesPageTest"/>
</testsuite> <!-- Test.CharitiesTest.CharitiesPageTest -->
