<?xml version="1.0" encoding="UTF-8"?>
<!-- Generated by org.testng.reporters.JUnitReportReporter -->
<testsuite skipped="0" hostname="liana-laptop" name="Test.ScratchAndWinTest.ScratchAndWinPageTest" tests="3" failures="0" timestamp="03 May 2017 20:44:10 GMT" time="130.128" errors="0">
  <testcase name="createScratchAndWin" time="56.172" classname="Test.ScratchAndWinTest.ScratchAndWinPageTest"/>
  <testcase name="validateImageFieldIsNotEmpty" time="20.809" classname="Test.ScratchAndWinTest.ScratchAndWinPageTest"/>
  <testcase name="validatePriceFieldIsNotEmpty" time="53.147" classname="Test.ScratchAndWinTest.ScratchAndWinPageTest"/>
</testsuite> <!-- Test.ScratchAndWinTest.ScratchAndWinPageTest -->
