<?xml version="1.0" encoding="UTF-8"?>
<!-- Generated by org.testng.reporters.JUnitReportReporter -->
<testsuite skipped="0" hostname="liana-laptop" name="Test.CharitiesTest.CharitiesPageTest" tests="7" failures="0" timestamp="03 May 2017 20:44:10 GMT" time="128.334" errors="0">
  <testcase name="validateCreateWorks" time="20.890" classname="Test.CharitiesTest.CharitiesPageTest"/>
  <testcase name="validateSearchWorks" time="14.098" classname="Test.CharitiesTest.CharitiesPageTest"/>
  <testcase name="validateEditWorks" time="26.353" classname="Test.CharitiesTest.CharitiesPageTest"/>
  <testcase name="validateRightEditPageOpened" time="18.842" classname="Test.CharitiesTest.CharitiesPageTest"/>
  <testcase name="validateRightTitle" time="11.782" classname="Test.CharitiesTest.CharitiesPageTest"/>
  <testcase name="validateOpenWorks" time="15.775" classname="Test.CharitiesTest.CharitiesPageTest"/>
  <testcase name="validateDeleteWorks" time="20.594" classname="Test.CharitiesTest.CharitiesPageTest"/>
</testsuite> <!-- Test.CharitiesTest.CharitiesPageTest -->
