<?xml version="1.0" encoding="UTF-8"?>
<!-- Generated by org.testng.reporters.JUnitReportReporter -->
<testsuite skipped="0" hostname="liana-pc" name="Test.FirstPage.FirstPageTest" tests="2" failures="0" timestamp="23 Apr 2017 16:52:01 GMT" time="4.836" errors="0">
  <testcase name="validateCorrectPage" time="0.121" classname="Test.FirstPage.FirstPageTest"/>
  <testcase name="checkTitle" time="4.715" classname="Test.FirstPage.FirstPageTest"/>
</testsuite> <!-- Test.FirstPage.FirstPageTest -->
