<?xml version="1.0" encoding="UTF-8"?>
<!-- Generated by org.testng.reporters.JUnitReportReporter -->
<testsuite skipped="0" hostname="liana-laptop" name="Test.HBBusinessTest.HBBusinessPageTest" tests="9" failures="0" timestamp="17 Apr 2017 19:07:21 GMT" time="52.048" errors="0">
  <testcase name="validateAddWorks" time="10.086" classname="Test.HBBusinessTest.HBBusinessPageTest"/>
  <testcase name="validateNoWrongInputsAdd" time="6.627" classname="Test.HBBusinessTest.HBBusinessPageTest"/>
  <testcase name="validateNoWrongInputsAdd" time="6.881" classname="Test.HBBusinessTest.HBBusinessPageTest"/>
  <testcase name="validateRightPageOpened" time="3.097" classname="Test.HBBusinessTest.HBBusinessPageTest"/>
  <testcase name="validateNoWrongInputsAdd" time="6.521" classname="Test.HBBusinessTest.HBBusinessPageTest"/>
  <testcase name="validateSearchWorks" time="2.879" classname="Test.HBBusinessTest.HBBusinessPageTest"/>
  <testcase name="validateNoWrongInputsAdd" time="6.496" classname="Test.HBBusinessTest.HBBusinessPageTest"/>
  <testcase name="validateOpenWorks" time="4.296" classname="Test.HBBusinessTest.HBBusinessPageTest"/>
  <testcase name="validateDeleteWorks" time="5.165" classname="Test.HBBusinessTest.HBBusinessPageTest"/>
</testsuite> <!-- Test.HBBusinessTest.HBBusinessPageTest -->
