<?xml version="1.0" encoding="UTF-8"?>
<!-- Generated by org.testng.reporters.JUnitReportReporter -->
<testsuite skipped="0" hostname="liana-pc" name="Test.FirstPageTest" tests="2" failures="0" timestamp="13 Apr 2017 19:16:40 GMT" time="1.511" errors="0">
  <testcase name="checkTitle" time="0.683" classname="Test.FirstPageTest"/>
  <testcase name="validateCorrectPage" time="0.828" classname="Test.FirstPageTest"/>
</testsuite> <!-- Test.FirstPageTest -->
