<?xml version="1.0" encoding="UTF-8"?>
<!-- Generated by org.testng.reporters.JUnitReportReporter -->
<testsuite skipped="0" hostname="liana-pc" name="Test.LoginTest.LoginPageTest" tests="5" failures="0" timestamp="05 May 2017 18:07:54 GMT" time="20.225" errors="0">
  <testcase name="validateFieldCheckIsDone" time="3.893" classname="Test.LoginTest.LoginPageTest"/>
  <testcase name="validateFieldCheckIsDone" time="4.065" classname="Test.LoginTest.LoginPageTest"/>
  <testcase name="validateFieldCheckIsDone" time="3.729" classname="Test.LoginTest.LoginPageTest"/>
  <testcase name="validateLoginWorks" time="4.462" classname="Test.LoginTest.LoginPageTest"/>
  <testcase name="validateFieldCheckIsDone" time="4.076" classname="Test.LoginTest.LoginPageTest"/>
</testsuite> <!-- Test.LoginTest.LoginPageTest -->
