<?xml version="1.0" encoding="UTF-8"?>
<!-- Generated by org.testng.reporters.JUnitReportReporter -->
<testsuite skipped="0" hostname="liana-pc" name="Test.CharityPageTest" tests="1" failures="0" timestamp="12 Apr 2017 13:53:56 GMT" time="4.571" errors="0">
  <testcase name="validateSearchWorks" time="4.571" classname="Test.CharityPageTest"/>
</testsuite> <!-- Test.CharityPageTest -->
