<?xml version="1.0" encoding="UTF-8"?>
<!-- Generated by org.testng.reporters.JUnitReportReporter -->
<testsuite skipped="0" hostname="liana-laptop" name="Test.LoginTest.LoginPageTest" tests="5" failures="0" timestamp="17 Apr 2017 19:07:21 GMT" time="10.656" errors="0">
  <testcase name="validateFieldCheckIsDone" time="2.007" classname="Test.LoginTest.LoginPageTest"/>
  <testcase name="validateLoginWorks" time="2.753" classname="Test.LoginTest.LoginPageTest"/>
  <testcase name="validateFieldCheckIsDone" time="2.965" classname="Test.LoginTest.LoginPageTest"/>
  <testcase name="validateFieldCheckIsDone" time="1.472" classname="Test.LoginTest.LoginPageTest"/>
  <testcase name="validateFieldCheckIsDone" time="1.459" classname="Test.LoginTest.LoginPageTest"/>
</testsuite> <!-- Test.LoginTest.LoginPageTest -->
