<?xml version="1.0" encoding="UTF-8"?>
<!-- Generated by org.testng.reporters.JUnitReportReporter -->
<testsuite skipped="0" hostname="liana-pc" name="Test.CategoriesTest.CategoriesPageTest" tests="3" failures="0" timestamp="14 Apr 2017 13:05:27 GMT" time="13.542" errors="0">
  <testcase name="validateCreateWorks" time="8.920" classname="Test.CategoriesTest.CategoriesPageTest"/>
  <testcase name="validateSearchWorks" time="1.781" classname="Test.CategoriesTest.CategoriesPageTest"/>
  <testcase name="validateDeleteWorks" time="2.841" classname="Test.CategoriesTest.CategoriesPageTest"/>
</testsuite> <!-- Test.CategoriesTest.CategoriesPageTest -->
