<?xml version="1.0" encoding="UTF-8"?>
<!-- Generated by org.testng.reporters.JUnitReportReporter -->
<testsuite skipped="0" hostname="liana-pc" name="Test.FirstPageTest" tests="2" failures="0" timestamp="23 Apr 2017 10:28:19 GMT" time="11.205" errors="0">
  <testcase name="validateCorrectPage" time="5.406" classname="Test.FirstPageTest"/>
  <testcase name="checkTitle" time="5.799" classname="Test.FirstPageTest"/>
</testsuite> <!-- Test.FirstPageTest -->
