<?xml version="1.0" encoding="UTF-8"?>
<!-- Generated by org.testng.reporters.JUnitReportReporter -->
<testsuite skipped="0" hostname="liana-laptop" name="Test.LoginTest.LoginPageTest" tests="5" failures="0" timestamp="03 May 2017 20:44:10 GMT" time="50.730" errors="0">
  <testcase name="validateFieldCheckIsDone" time="11.062" classname="Test.LoginTest.LoginPageTest"/>
  <testcase name="validateFieldCheckIsDone" time="8.279" classname="Test.LoginTest.LoginPageTest"/>
  <testcase name="validateFieldCheckIsDone" time="9.730" classname="Test.LoginTest.LoginPageTest"/>
  <testcase name="validateFieldCheckIsDone" time="11.016" classname="Test.LoginTest.LoginPageTest"/>
  <testcase name="validateLoginWorks" time="10.643" classname="Test.LoginTest.LoginPageTest"/>
</testsuite> <!-- Test.LoginTest.LoginPageTest -->
