<?xml version="1.0" encoding="UTF-8"?>
<!-- Generated by org.testng.reporters.JUnitReportReporter -->
<testsuite skipped="0" hostname="liana-laptop" name="Test.JoinUs.JoinUsTest" tests="7" failures="0" timestamp="03 May 2017 20:44:10 GMT" time="140.690" errors="0">
  <testcase name="validateAddWorks" time="31.092" classname="Test.JoinUs.JoinUsTest"/>
  <testcase name="validateRightEditPageOpened" time="17.298" classname="Test.JoinUs.JoinUsTest"/>
  <testcase name="validateSearchWorks" time="13.071" classname="Test.JoinUs.JoinUsTest"/>
  <testcase name="validateEditWorks" time="26.152" classname="Test.JoinUs.JoinUsTest"/>
  <testcase name="validateRightTitle" time="12.810" classname="Test.JoinUs.JoinUsTest"/>
  <testcase name="validateOpenWorks" time="17.204" classname="Test.JoinUs.JoinUsTest"/>
  <testcase name="validateDeleteWorks" time="23.063" classname="Test.JoinUs.JoinUsTest"/>
</testsuite> <!-- Test.JoinUs.JoinUsTest -->
