<?xml version="1.0" encoding="UTF-8"?>
<!-- Generated by org.testng.reporters.JUnitReportReporter -->
<testsuite skipped="0" hostname="liana-laptop" name="Test.CategoriesTest.CategoriesPageTest" tests="6" failures="0" timestamp="03 May 2017 20:44:10 GMT" time="110.553" errors="0">
  <testcase name="validateAddWorks" time="19.526" classname="Test.CategoriesTest.CategoriesPageTest"/>
  <testcase name="validateEditWorks" time="25.468" classname="Test.CategoriesTest.CategoriesPageTest"/>
  <testcase name="validateRightEditPageOpened" time="17.412" classname="Test.CategoriesTest.CategoriesPageTest"/>
  <testcase name="validateSearchWorks" time="13.467" classname="Test.CategoriesTest.CategoriesPageTest"/>
  <testcase name="validateOpenWorks" time="17.315" classname="Test.CategoriesTest.CategoriesPageTest"/>
  <testcase name="validateDeleteWorks" time="17.365" classname="Test.CategoriesTest.CategoriesPageTest"/>
</testsuite> <!-- Test.CategoriesTest.CategoriesPageTest -->
